<?xml version="1.0" encoding="UTF-8"?>
<!-- Generated by org.testng.reporters.JUnitReportReporter -->
<testsuite hostname="a" failures="0" tests="1" name="TestCases.ToVerifyHomepage" time="28.716" errors="0" timestamp="2023-05-17T21:39:50 IST" skipped="0">
  <testcase classname="TestCases.ToVerifyHomepage" name="toVerifyHeader" time="28.716"/>
  <system-out/>
</testsuite> <!-- TestCases.ToVerifyHomepage -->
